mailman
wireshark
squid
mariadb
docker
dovecot
cups
emacs-nox
sane-backends
zsh
nmap
quagga
bind
lynx
qemu-kvm
samba
subversion
spamassassin
freeradius
mc
unbound
php
mrtg
mgetty-voice
mutt
lftp
gitweb
crash
iptraf-ng
tomcat
logwatch
lm-sensors
quota
tftp-server
vsftpd
bacula-client
arpwatch
sysstat
autotrace
tftpd
amanda-server
gpm
powertop
watchdog
smartmontools
chrony
lshw
ksh
finger
virt-top
nasm
cobertura
memcached
rrdtool
pax
tcsh
rdist
ipvsadm
dwz
paps
mksh
dstat
dcraw
units
pesign
tree
supermin
marisa
cdparanoia
mstflint
transfig
crda
iotop
traceroute
qrencode
mtr
httpd
wget
