mailman
tshark
squid
mariadb-server
docker
dovecot-core
cups
emacs-nox
sane
zsh
nmap
quagga
bind9
lynx
qemu-kvm
samba
subversion
spamassassin
freeradius
mc
unbound
php
mrtg
mgetty-voice
mutt
lftp
gitweb
crash
iptraf-ng
tomcat7
logwatch
lm-sensors
quota
telnetd
vsftpd
bacula-client
arpwatch
sysstat
autotrace
tftpd
amanda-server
gpm
powertop
watchdog
smartmontools
chrony
lshw
ksh
finger
virt-top
nasm
cobertura
memcached
rrdtool
pax
tcsh
rdist
ipvsadm
dwz
paps
mksh
dstat
dcraw
units
pesign
tree
supermin
marisa
cdparanoia
mstflint
transfig
crda
iotop
traceroute
qrencode
mtr
apache2
wget
